[2021-12-11 15:30:42,427] {taskinstance.py:896} INFO - Dependencies all met for <TaskInstance: dag_postgres_create_table.create_dummy_table 2021-12-11T15:09:19.796352+00:00 [queued]>
[2021-12-11 15:30:42,447] {taskinstance.py:896} INFO - Dependencies all met for <TaskInstance: dag_postgres_create_table.create_dummy_table 2021-12-11T15:09:19.796352+00:00 [queued]>
[2021-12-11 15:30:42,449] {taskinstance.py:1087} INFO - 
--------------------------------------------------------------------------------
[2021-12-11 15:30:42,450] {taskinstance.py:1088} INFO - Starting attempt 4 of 4
[2021-12-11 15:30:42,451] {taskinstance.py:1089} INFO - 
--------------------------------------------------------------------------------
[2021-12-11 15:30:42,467] {taskinstance.py:1107} INFO - Executing <Task(PostgresOperator): create_dummy_table> on 2021-12-11T15:09:19.796352+00:00
[2021-12-11 15:30:42,475] {standard_task_runner.py:52} INFO - Started process 1763 to run task
[2021-12-11 15:30:42,481] {standard_task_runner.py:76} INFO - Running: ['***', 'tasks', 'run', 'dag_postgres_create_table', 'create_dummy_table', '2021-12-11T15:09:19.796352+00:00', '--job-id', '7', '--pool', 'default_pool', '--raw', '--subdir', 'DAGS_FOLDER/dag_postgres_create_table.py', '--cfg-path', '/tmp/tmpikai6kxf', '--error-file', '/tmp/tmp39_1hnar']
[2021-12-11 15:30:42,484] {standard_task_runner.py:77} INFO - Job 7: Subtask create_dummy_table
[2021-12-11 15:30:42,541] {logging_mixin.py:104} INFO - Running <TaskInstance: dag_postgres_create_table.create_dummy_table 2021-12-11T15:09:19.796352+00:00 [running]> on host 3867aa8d4359
[2021-12-11 15:30:42,609] {taskinstance.py:1302} INFO - Exporting the following env vars:
AIRFLOW_CTX_DAG_OWNER=***
AIRFLOW_CTX_DAG_ID=dag_postgres_create_table
AIRFLOW_CTX_TASK_ID=create_dummy_table
AIRFLOW_CTX_EXECUTION_DATE=2021-12-11T15:09:19.796352+00:00
AIRFLOW_CTX_DAG_RUN_ID=manual__2021-12-11T15:09:19.796352+00:00
[2021-12-11 15:30:42,610] {postgres.py:68} INFO - Executing: CREATE TABLE scaled_data
    (
        idx_col integer,
        petal_width float,
        petal_length float
    );
    
[2021-12-11 15:30:42,620] {base.py:78} INFO - Using connection to: id: postgres_source. Host: postgres_source, Port: 5432, Schema: postgres, Login: admin_user, Password: ***, extra: {}
[2021-12-11 15:30:42,626] {dbapi.py:204} INFO - Running statement: CREATE TABLE scaled_data
    (
        idx_col integer,
        petal_width float,
        petal_length float
    );
    , parameters: None
[2021-12-11 15:30:42,644] {taskinstance.py:1211} INFO - Marking task as SUCCESS. dag_id=dag_postgres_create_table, task_id=create_dummy_table, execution_date=20211211T150919, start_date=20211211T153042, end_date=20211211T153042
[2021-12-11 15:30:42,701] {taskinstance.py:1265} INFO - 0 downstream tasks scheduled from follow-on schedule check
[2021-12-11 15:30:42,742] {local_task_job.py:149} INFO - Task exited with return code 0
