[2021-12-11 15:47:08,584] {taskinstance.py:896} INFO - Dependencies all met for <TaskInstance: dag_postgres_create_table.query_sample_table 2021-12-11T15:43:12.695271+00:00 [queued]>
[2021-12-11 15:47:08,600] {taskinstance.py:896} INFO - Dependencies all met for <TaskInstance: dag_postgres_create_table.query_sample_table 2021-12-11T15:43:12.695271+00:00 [queued]>
[2021-12-11 15:47:08,601] {taskinstance.py:1087} INFO - 
--------------------------------------------------------------------------------
[2021-12-11 15:47:08,602] {taskinstance.py:1088} INFO - Starting attempt 1 of 1
[2021-12-11 15:47:08,602] {taskinstance.py:1089} INFO - 
--------------------------------------------------------------------------------
[2021-12-11 15:47:08,611] {taskinstance.py:1107} INFO - Executing <Task(PostgresOperator): query_sample_table> on 2021-12-11T15:43:12.695271+00:00
[2021-12-11 15:47:08,620] {standard_task_runner.py:76} INFO - Running: ['***', 'tasks', 'run', 'dag_postgres_create_table', 'query_sample_table', '2021-12-11T15:43:12.695271+00:00', '--job-id', '6', '--pool', 'default_pool', '--raw', '--subdir', 'DAGS_FOLDER/dag_postgres_create_table.py', '--cfg-path', '/tmp/tmpvjlfgmru', '--error-file', '/tmp/tmpsrdrc6f0']
[2021-12-11 15:47:08,616] {standard_task_runner.py:52} INFO - Started process 416 to run task
[2021-12-11 15:47:08,622] {standard_task_runner.py:77} INFO - Job 6: Subtask query_sample_table
[2021-12-11 15:47:08,681] {logging_mixin.py:104} INFO - Running <TaskInstance: dag_postgres_create_table.query_sample_table 2021-12-11T15:43:12.695271+00:00 [running]> on host cef9e414ae60
[2021-12-11 15:47:08,740] {taskinstance.py:1302} INFO - Exporting the following env vars:
AIRFLOW_CTX_DAG_OWNER=***
AIRFLOW_CTX_DAG_ID=dag_postgres_create_table
AIRFLOW_CTX_TASK_ID=query_sample_table
AIRFLOW_CTX_EXECUTION_DATE=2021-12-11T15:43:12.695271+00:00
AIRFLOW_CTX_DAG_RUN_ID=manual__2021-12-11T15:43:12.695271+00:00
[2021-12-11 15:47:08,742] {postgres.py:68} INFO - Executing: SELECT * from sample_table;
[2021-12-11 15:47:08,751] {base.py:78} INFO - Using connection to: id: postgres_source. Host: postgres_source, Port: 5432, Schema: postgres, Login: admin_user, Password: ***, extra: {}
[2021-12-11 15:47:08,757] {dbapi.py:204} INFO - Running statement: SELECT * from sample_table;, parameters: None
[2021-12-11 15:47:08,765] {dbapi.py:212} INFO - Rows affected: 8
[2021-12-11 15:47:08,784] {taskinstance.py:1211} INFO - Marking task as SUCCESS. dag_id=dag_postgres_create_table, task_id=query_sample_table, execution_date=20211211T154312, start_date=20211211T154708, end_date=20211211T154708
[2021-12-11 15:47:08,876] {taskinstance.py:1265} INFO - 0 downstream tasks scheduled from follow-on schedule check
[2021-12-11 15:47:08,919] {local_task_job.py:149} INFO - Task exited with return code 0
