[2021-12-11 15:50:33,719] {taskinstance.py:896} INFO - Dependencies all met for <TaskInstance: dag_postgres_create_table.query_sample_table 2021-12-11T15:43:12.695271+00:00 [queued]>
[2021-12-11 15:50:33,739] {taskinstance.py:896} INFO - Dependencies all met for <TaskInstance: dag_postgres_create_table.query_sample_table 2021-12-11T15:43:12.695271+00:00 [queued]>
[2021-12-11 15:50:33,740] {taskinstance.py:1087} INFO - 
--------------------------------------------------------------------------------
[2021-12-11 15:50:33,741] {taskinstance.py:1088} INFO - Starting attempt 2 of 2
[2021-12-11 15:50:33,742] {taskinstance.py:1089} INFO - 
--------------------------------------------------------------------------------
[2021-12-11 15:50:33,730] {taskinstance.py:1107} INFO - Executing <Task(PostgresOperator): query_sample_table> on 2021-12-11T15:43:12.695271+00:00
[2021-12-11 15:50:33,739] {standard_task_runner.py:52} INFO - Started process 682 to run task
[2021-12-11 15:50:33,753] {standard_task_runner.py:76} INFO - Running: ['***', 'tasks', 'run', 'dag_postgres_create_table', 'query_sample_table', '2021-12-11T15:43:12.695271+00:00', '--job-id', '8', '--pool', 'default_pool', '--raw', '--subdir', 'DAGS_FOLDER/dag_postgres_create_table.py', '--cfg-path', '/tmp/tmptwz2vy0h', '--error-file', '/tmp/tmp9kb2w3f8']
[2021-12-11 15:50:33,756] {standard_task_runner.py:77} INFO - Job 8: Subtask query_sample_table
[2021-12-11 15:50:33,839] {logging_mixin.py:104} INFO - Running <TaskInstance: dag_postgres_create_table.query_sample_table 2021-12-11T15:43:12.695271+00:00 [running]> on host cef9e414ae60
[2021-12-11 15:50:33,893] {taskinstance.py:1302} INFO - Exporting the following env vars:
AIRFLOW_CTX_DAG_OWNER=***
AIRFLOW_CTX_DAG_ID=dag_postgres_create_table
AIRFLOW_CTX_TASK_ID=query_sample_table
AIRFLOW_CTX_EXECUTION_DATE=2021-12-11T15:43:12.695271+00:00
AIRFLOW_CTX_DAG_RUN_ID=manual__2021-12-11T15:43:12.695271+00:00
[2021-12-11 15:50:33,894] {postgres.py:68} INFO - Executing: SELECT * from sample_table;
[2021-12-11 15:50:33,910] {base.py:78} INFO - Using connection to: id: postgres_source. Host: postgres_source, Port: 5432, Schema: postgres, Login: admin_user, Password: ***, extra: {}
[2021-12-11 15:50:33,916] {dbapi.py:204} INFO - Running statement: SELECT * from sample_table;, parameters: None
[2021-12-11 15:50:33,918] {dbapi.py:212} INFO - Rows affected: 8
[2021-12-11 15:50:34,101] {taskinstance.py:1211} INFO - Marking task as SUCCESS. dag_id=dag_postgres_create_table, task_id=query_sample_table, execution_date=20211211T154312, start_date=20211211T155033, end_date=20211211T155034
[2021-12-11 15:50:34,206] {taskinstance.py:1265} INFO - 0 downstream tasks scheduled from follow-on schedule check
[2021-12-11 15:50:34,267] {local_task_job.py:149} INFO - Task exited with return code 0
